<?xml version="1.0" encoding="UTF-8"?>
<testng-results skipped="0" failed="0" ignored="0" total="1" passed="1">
  <reporter-output>
  </reporter-output>
  <suite name="Default suite" duration-ms="1734" started-at="2024-01-22T10:59:11Z" finished-at="2024-01-22T10:59:12Z">
    <groups>
    </groups>
    <test name="Default test" duration-ms="1734" started-at="2024-01-22T10:59:11Z" finished-at="2024-01-22T10:59:12Z">
      <class name="org.emp.mail_send">
        <test-method status="PASS" signature="sendmail()[pri:0, instance:org.emp.mail_send@5bcab519]" name="sendmail" duration-ms="1695" started-at="2024-01-22T10:59:11Z" finished-at="2024-01-22T10:59:12Z">
          <reporter-output>
          </reporter-output>
        </test-method> <!-- sendmail -->
      </class> <!-- org.emp.mail_send -->
    </test> <!-- Default test -->
  </suite> <!-- Default suite -->
</testng-results>
